<?xml version="1.0" encoding="UTF-8"?>
<testng-results ignored="0" total="1" passed="1" failed="0" skipped="0">
  <reporter-output>
  </reporter-output>
  <suite started-at="2026-08-19T09:58:56 IST" name="Default suite" finished-at="2026-08-19T09:59:23 IST" duration-ms="27237">
    <groups>
    </groups>
    <test started-at="2026-08-19T09:58:56 IST" name="Default test" finished-at="2026-08-19T09:59:23 IST" duration-ms="27237">
      <class name="com.dropdown.DropDown143">
        <test-method is-config="true" signature="Setup()[pri:0, instance:com.dropdown.DropDown143@68b32e3e]" started-at="2026-08-19T09:58:56 IST" name="Setup" finished-at="2026-08-19T09:58:58 IST" duration-ms="1820" status="PASS">
          <reporter-output>
          </reporter-output>
        </test-method> <!-- Setup -->
        <test-method signature="DropDownList()[pri:0, instance:com.dropdown.DropDown143@68b32e3e]" started-at="2026-08-19T09:58:58 IST" name="DropDownList" finished-at="2026-08-19T09:59:22 IST" duration-ms="24013" status="PASS">
          <reporter-output>
          </reporter-output>
        </test-method> <!-- DropDownList -->
        <test-method is-config="true" signature="tearDown()[pri:0, instance:com.dropdown.DropDown143@68b32e3e]" started-at="2026-08-19T09:59:22 IST" name="tearDown" finished-at="2026-08-19T09:59:23 IST" duration-ms="1284" status="PASS">
          <reporter-output>
          </reporter-output>
        </test-method> <!-- tearDown -->
      </class> <!-- com.dropdown.DropDown143 -->
    </test> <!-- Default test -->
  </suite> <!-- Default suite -->
</testng-results>
